compute-mfcc-feats --verbose=2 --config=material/feat.conf scp:material/wav.scp ark,scp:/home/c2tao/matdnn/ivector/feat/feat.ark,/home/c2tao/matdnn/ivector/feat/feat.scp 
VLOG[2] (compute-mfcc-feats:main():compute-mfcc-feats.cc:178) Processed features for key train_dr1_fcjf0_sa1
VLOG[2] (compute-mfcc-feats:main():compute-mfcc-feats.cc:178) Processed features for key train_dr1_fcjf0_sa2
VLOG[2] (compute-mfcc-feats:main():compute-mfcc-feats.cc:178) Processed features for key train_dr1_fdaw0_sa1
VLOG[2] (compute-mfcc-feats:main():compute-mfcc-feats.cc:178) Processed features for key train_dr1_fdaw0_sa2
VLOG[2] (compute-mfcc-feats:main():compute-mfcc-feats.cc:178) Processed features for key train_dr1_fdml0_sa1
VLOG[2] (compute-mfcc-feats:main():compute-mfcc-feats.cc:178) Processed features for key train_dr1_fdml0_sa2
VLOG[2] (compute-mfcc-feats:main():compute-mfcc-feats.cc:178) Processed features for key train_dr1_fecd0_sa1
VLOG[2] (compute-mfcc-feats:main():compute-mfcc-feats.cc:178) Processed features for key train_dr1_fecd0_sa2
VLOG[2] (compute-mfcc-feats:main():compute-mfcc-feats.cc:178) Processed features for key train_dr1_fetb0_sa1
LOG (compute-mfcc-feats:main():compute-mfcc-feats.cc:177) Processed 10 utterances
VLOG[2] (compute-mfcc-feats:main():compute-mfcc-feats.cc:178) Processed features for key train_dr1_fetb0_sa2
VLOG[2] (compute-mfcc-feats:main():compute-mfcc-feats.cc:178) Processed features for key train_dr1_fjsp0_sa1
VLOG[2] (compute-mfcc-feats:main():compute-mfcc-feats.cc:178) Processed features for key train_dr1_fjsp0_sa2
VLOG[2] (compute-mfcc-feats:main():compute-mfcc-feats.cc:178) Processed features for key train_dr1_fkfb0_sa1
VLOG[2] (compute-mfcc-feats:main():compute-mfcc-feats.cc:178) Processed features for key train_dr1_fkfb0_sa2
VLOG[2] (compute-mfcc-feats:main():compute-mfcc-feats.cc:178) Processed features for key train_dr1_fmem0_sa1
VLOG[2] (compute-mfcc-feats:main():compute-mfcc-feats.cc:178) Processed features for key train_dr1_fmem0_sa2
VLOG[2] (compute-mfcc-feats:main():compute-mfcc-feats.cc:178) Processed features for key train_dr1_fsah0_sa1
VLOG[2] (compute-mfcc-feats:main():compute-mfcc-feats.cc:178) Processed features for key train_dr1_fsah0_sa2
VLOG[2] (compute-mfcc-feats:main():compute-mfcc-feats.cc:178) Processed features for key train_dr1_fsjk1_sa1
LOG (compute-mfcc-feats:main():compute-mfcc-feats.cc:177) Processed 20 utterances
VLOG[2] (compute-mfcc-feats:main():compute-mfcc-feats.cc:178) Processed features for key train_dr1_fsjk1_sa2
VLOG[2] (compute-mfcc-feats:main():compute-mfcc-feats.cc:178) Processed features for key train_dr1_fsma0_sa1
VLOG[2] (compute-mfcc-feats:main():compute-mfcc-feats.cc:178) Processed features for key train_dr1_fsma0_sa2
VLOG[2] (compute-mfcc-feats:main():compute-mfcc-feats.cc:178) Processed features for key train_dr1_ftbr0_sa1
VLOG[2] (compute-mfcc-feats:main():compute-mfcc-feats.cc:178) Processed features for key train_dr1_ftbr0_sa2
VLOG[2] (compute-mfcc-feats:main():compute-mfcc-feats.cc:178) Processed features for key train_dr1_fvfb0_sa1
VLOG[2] (compute-mfcc-feats:main():compute-mfcc-feats.cc:178) Processed features for key train_dr1_fvfb0_sa2
VLOG[2] (compute-mfcc-feats:main():compute-mfcc-feats.cc:178) Processed features for key train_dr1_fvmh0_sa1
VLOG[2] (compute-mfcc-feats:main():compute-mfcc-feats.cc:178) Processed features for key train_dr1_fvmh0_sa2
VLOG[2] (compute-mfcc-feats:main():compute-mfcc-feats.cc:178) Processed features for key train_dr1_mcpm0_sa1
LOG (compute-mfcc-feats:main():compute-mfcc-feats.cc:177) Processed 30 utterances
VLOG[2] (compute-mfcc-feats:main():compute-mfcc-feats.cc:178) Processed features for key train_dr1_mcpm0_sa2
VLOG[2] (compute-mfcc-feats:main():compute-mfcc-feats.cc:178) Processed features for key train_dr1_mdac0_sa1
VLOG[2] (compute-mfcc-feats:main():compute-mfcc-feats.cc:178) Processed features for key train_dr1_mdac0_sa2
VLOG[2] (compute-mfcc-feats:main():compute-mfcc-feats.cc:178) Processed features for key train_dr1_mdpk0_sa1
VLOG[2] (compute-mfcc-feats:main():compute-mfcc-feats.cc:178) Processed features for key train_dr1_mdpk0_sa2
VLOG[2] (compute-mfcc-feats:main():compute-mfcc-feats.cc:178) Processed features for key train_dr1_medr0_sa1
VLOG[2] (compute-mfcc-feats:main():compute-mfcc-feats.cc:178) Processed features for key train_dr1_medr0_sa2
VLOG[2] (compute-mfcc-feats:main():compute-mfcc-feats.cc:178) Processed features for key train_dr1_mgrl0_sa1
VLOG[2] (compute-mfcc-feats:main():compute-mfcc-feats.cc:178) Processed features for key train_dr1_mgrl0_sa2
VLOG[2] (compute-mfcc-feats:main():compute-mfcc-feats.cc:178) Processed features for key train_dr1_mjeb1_sa1
LOG (compute-mfcc-feats:main():compute-mfcc-feats.cc:177) Processed 40 utterances
VLOG[2] (compute-mfcc-feats:main():compute-mfcc-feats.cc:178) Processed features for key train_dr1_mjeb1_sa2
VLOG[2] (compute-mfcc-feats:main():compute-mfcc-feats.cc:178) Processed features for key train_dr1_mjwt0_sa1
VLOG[2] (compute-mfcc-feats:main():compute-mfcc-feats.cc:178) Processed features for key train_dr1_mjwt0_sa2
VLOG[2] (compute-mfcc-feats:main():compute-mfcc-feats.cc:178) Processed features for key train_dr1_mkls0_sa1
VLOG[2] (compute-mfcc-feats:main():compute-mfcc-feats.cc:178) Processed features for key train_dr1_mkls0_sa2
VLOG[2] (compute-mfcc-feats:main():compute-mfcc-feats.cc:178) Processed features for key train_dr1_mklw0_sa1
VLOG[2] (compute-mfcc-feats:main():compute-mfcc-feats.cc:178) Processed features for key train_dr1_mklw0_sa2
VLOG[2] (compute-mfcc-feats:main():compute-mfcc-feats.cc:178) Processed features for key train_dr1_mmgg0_sa1
VLOG[2] (compute-mfcc-feats:main():compute-mfcc-feats.cc:178) Processed features for key train_dr1_mmgg0_sa2
VLOG[2] (compute-mfcc-feats:main():compute-mfcc-feats.cc:178) Processed features for key train_dr1_mmrp0_sa1
LOG (compute-mfcc-feats:main():compute-mfcc-feats.cc:177) Processed 50 utterances
VLOG[2] (compute-mfcc-feats:main():compute-mfcc-feats.cc:178) Processed features for key train_dr1_mmrp0_sa2
VLOG[2] (compute-mfcc-feats:main():compute-mfcc-feats.cc:178) Processed features for key train_dr1_mpgh0_sa1
VLOG[2] (compute-mfcc-feats:main():compute-mfcc-feats.cc:178) Processed features for key train_dr1_mpgh0_sa2
VLOG[2] (compute-mfcc-feats:main():compute-mfcc-feats.cc:178) Processed features for key train_dr1_mpgr0_sa1
VLOG[2] (compute-mfcc-feats:main():compute-mfcc-feats.cc:178) Processed features for key train_dr1_mpgr0_sa2
VLOG[2] (compute-mfcc-feats:main():compute-mfcc-feats.cc:178) Processed features for key train_dr1_mpsw0_sa1
VLOG[2] (compute-mfcc-feats:main():compute-mfcc-feats.cc:178) Processed features for key train_dr1_mpsw0_sa2
VLOG[2] (compute-mfcc-feats:main():compute-mfcc-feats.cc:178) Processed features for key train_dr1_mrai0_sa1
VLOG[2] (compute-mfcc-feats:main():compute-mfcc-feats.cc:178) Processed features for key train_dr1_mrai0_sa2
VLOG[2] (compute-mfcc-feats:main():compute-mfcc-feats.cc:178) Processed features for key train_dr1_mrcg0_sa1
LOG (compute-mfcc-feats:main():compute-mfcc-feats.cc:177) Processed 60 utterances
VLOG[2] (compute-mfcc-feats:main():compute-mfcc-feats.cc:178) Processed features for key train_dr1_mrcg0_sa2
VLOG[2] (compute-mfcc-feats:main():compute-mfcc-feats.cc:178) Processed features for key train_dr1_mrdd0_sa1
VLOG[2] (compute-mfcc-feats:main():compute-mfcc-feats.cc:178) Processed features for key train_dr1_mrdd0_sa2
VLOG[2] (compute-mfcc-feats:main():compute-mfcc-feats.cc:178) Processed features for key train_dr1_mrso0_sa1
VLOG[2] (compute-mfcc-feats:main():compute-mfcc-feats.cc:178) Processed features for key train_dr1_mrso0_sa2
VLOG[2] (compute-mfcc-feats:main():compute-mfcc-feats.cc:178) Processed features for key train_dr1_mrws0_sa1
VLOG[2] (compute-mfcc-feats:main():compute-mfcc-feats.cc:178) Processed features for key train_dr1_mrws0_sa2
VLOG[2] (compute-mfcc-feats:main():compute-mfcc-feats.cc:178) Processed features for key train_dr1_mtjs0_sa1
VLOG[2] (compute-mfcc-feats:main():compute-mfcc-feats.cc:178) Processed features for key train_dr1_mtjs0_sa2
VLOG[2] (compute-mfcc-feats:main():compute-mfcc-feats.cc:178) Processed features for key train_dr1_mtpf0_sa1
LOG (compute-mfcc-feats:main():compute-mfcc-feats.cc:177) Processed 70 utterances
VLOG[2] (compute-mfcc-feats:main():compute-mfcc-feats.cc:178) Processed features for key train_dr1_mtpf0_sa2
VLOG[2] (compute-mfcc-feats:main():compute-mfcc-feats.cc:178) Processed features for key train_dr1_mtrr0_sa1
VLOG[2] (compute-mfcc-feats:main():compute-mfcc-feats.cc:178) Processed features for key train_dr1_mtrr0_sa2
VLOG[2] (compute-mfcc-feats:main():compute-mfcc-feats.cc:178) Processed features for key train_dr1_mwad0_sa1
VLOG[2] (compute-mfcc-feats:main():compute-mfcc-feats.cc:178) Processed features for key train_dr1_mwad0_sa2
VLOG[2] (compute-mfcc-feats:main():compute-mfcc-feats.cc:178) Processed features for key train_dr1_mwar0_sa1
VLOG[2] (compute-mfcc-feats:main():compute-mfcc-feats.cc:178) Processed features for key train_dr1_mwar0_sa2
LOG (compute-mfcc-feats:main():compute-mfcc-feats.cc:181)  Done 76 out of 76 utterances.
